<?xml version="1.0" encoding="UTF-8"?>
<testsuite name="com.elderbyte.security.spring.integrationtest.MockSpringSecurityBeansLoadingTestLegacy" tests="4" skipped="0" failures="0" errors="0" timestamp="2018-09-15T10:09:14" hostname="elderbook-pbu.lan" time="0.011">
  <properties/>
  <testcase name="ensureStandardJwtFilterIsNotPresent" classname="com.elderbyte.security.spring.integrationtest.MockSpringSecurityBeansLoadingTestLegacy" time="0.002"/>
  <testcase name="ensureMockLoaded" classname="com.elderbyte.security.spring.integrationtest.MockSpringSecurityBeansLoadingTestLegacy" time="0.002"/>
  <testcase name="ensureMockEnabled" classname="com.elderbyte.security.spring.integrationtest.MockSpringSecurityBeansLoadingTestLegacy" time="0.002"/>
  <testcase name="ensureMockAuthenticationFilterIsPresent" classname="com.elderbyte.security.spring.integrationtest.MockSpringSecurityBeansLoadingTestLegacy" time="0.002"/>
  <system-out><![CDATA[2018-09-15 12:09:13.316  INFO 26986 --- [    Test worker] .b.t.c.SpringBootTestContextBootstrapper : Neither @ContextConfiguration nor @ContextHierarchy found for test class [com.elderbyte.security.spring.integrationtest.MockSpringSecurityBeansLoadingTestLegacy], using SpringBootContextLoader
2018-09-15 12:09:13.318  INFO 26986 --- [    Test worker] o.s.t.c.support.AbstractContextLoader    : Could not detect default resource locations for test class [com.elderbyte.security.spring.integrationtest.MockSpringSecurityBeansLoadingTestLegacy]: no resource found for suffixes {-context.xml, Context.groovy}.
2018-09-15 12:09:13.321  INFO 26986 --- [    Test worker] .b.t.c.SpringBootTestContextBootstrapper : Loaded default TestExecutionListener class names from location [META-INF/spring.factories]: [org.springframework.boot.test.autoconfigure.restdocs.RestDocsTestExecutionListener, org.springframework.boot.test.autoconfigure.web.client.MockRestServiceServerResetTestExecutionListener, org.springframework.boot.test.autoconfigure.web.servlet.MockMvcPrintOnlyOnFailureTestExecutionListener, org.springframework.boot.test.autoconfigure.web.servlet.WebDriverTestExecutionListener, org.springframework.boot.test.mock.mockito.MockitoTestExecutionListener, org.springframework.boot.test.mock.mockito.ResetMocksTestExecutionListener, org.springframework.test.context.web.ServletTestExecutionListener, org.springframework.test.context.support.DirtiesContextBeforeModesTestExecutionListener, org.springframework.test.context.support.DependencyInjectionTestExecutionListener, org.springframework.test.context.support.DirtiesContextTestExecutionListener, org.springframework.test.context.transaction.TransactionalTestExecutionListener, org.springframework.test.context.jdbc.SqlScriptsTestExecutionListener]
2018-09-15 12:09:13.322  INFO 26986 --- [    Test worker] .b.t.c.SpringBootTestContextBootstrapper : Using TestExecutionListeners: [org.springframework.test.context.web.ServletTestExecutionListener@3073b869, org.springframework.test.context.support.DirtiesContextBeforeModesTestExecutionListener@72965d77, org.springframework.boot.test.mock.mockito.MockitoTestExecutionListener@7296fcfb, org.springframework.boot.test.autoconfigure.SpringBootDependencyInjectionTestExecutionListener@65504c55, org.springframework.test.context.support.DirtiesContextTestExecutionListener@484d0066, org.springframework.boot.test.autoconfigure.restdocs.RestDocsTestExecutionListener@87081fd, org.springframework.boot.test.autoconfigure.web.client.MockRestServiceServerResetTestExecutionListener@4dc4c52c, org.springframework.boot.test.autoconfigure.web.servlet.MockMvcPrintOnlyOnFailureTestExecutionListener@2a111a25, org.springframework.boot.test.autoconfigure.web.servlet.WebDriverTestExecutionListener@aff7131, org.springframework.boot.test.mock.mockito.ResetMocksTestExecutionListener@68c66fa]
2018-09-15 12:09:13.359  INFO 26986 --- [    Test worker] s.c.a.AnnotationConfigApplicationContext : Refreshing org.springframework.context.annotation.AnnotationConfigApplicationContext@4e4d36b5: startup date [Sat Sep 15 12:09:13 CEST 2018]; root of context hierarchy
2018-09-15 12:09:13.399  INFO 26986 --- [    Test worker] trationDelegate$BeanPostProcessorChecker : Bean 'configurationPropertiesRebinderAutoConfiguration' of type [org.springframework.cloud.autoconfigure.ConfigurationPropertiesRebinderAutoConfiguration$$EnhancerBySpringCGLIB$$d3ee601b] is not eligible for getting processed by all BeanPostProcessors (for example: not eligible for auto-proxying)

  .   ____          _            __ _ _
 /\\ / ___'_ __ _ _(_)_ __  __ _ \ \ \ \
( ( )\___ | '_ | '_| | '_ \/ _` | \ \ \ \
 \\/  ___)| |_)| | | | | || (_| |  ) ) ) )
  '  |____| .__|_| |_|_| |_\__, | / / / /
 =========|_|==============|___/=/_/_/_/
 :: Spring Boot ::        (v2.0.4.RELEASE)

2018-09-15 12:09:13.457  INFO 26986 --- [    Test worker] MockSpringSecurityBeansLoadingTestLegacy : No active profile set, falling back to default profiles: default
2018-09-15 12:09:13.460  INFO 26986 --- [    Test worker] o.s.w.c.s.GenericWebApplicationContext   : Refreshing org.springframework.web.context.support.GenericWebApplicationContext@55137d9c: startup date [Sat Sep 15 12:09:13 CEST 2018]; parent: org.springframework.context.annotation.AnnotationConfigApplicationContext@4e4d36b5
2018-09-15 12:09:13.669  INFO 26986 --- [    Test worker] o.s.cloud.context.scope.GenericScope     : BeanFactory id=d5167632-8e89-334a-bcd4-10e75d5815d6
2018-09-15 12:09:13.717  INFO 26986 --- [    Test worker] trationDelegate$BeanPostProcessorChecker : Bean 'org.springframework.security.config.annotation.configuration.ObjectPostProcessorConfiguration' of type [org.springframework.security.config.annotation.configuration.ObjectPostProcessorConfiguration$$EnhancerBySpringCGLIB$$50822558] is not eligible for getting processed by all BeanPostProcessors (for example: not eligible for auto-proxying)
2018-09-15 12:09:13.720  INFO 26986 --- [    Test worker] trationDelegate$BeanPostProcessorChecker : Bean 'objectPostProcessor' of type [org.springframework.security.config.annotation.configuration.AutowireBeanFactoryObjectPostProcessor] is not eligible for getting processed by all BeanPostProcessors (for example: not eligible for auto-proxying)
2018-09-15 12:09:13.720  INFO 26986 --- [    Test worker] trationDelegate$BeanPostProcessorChecker : Bean 'org.springframework.security.access.expression.method.DefaultMethodSecurityExpressionHandler@670fb565' of type [org.springframework.security.access.expression.method.DefaultMethodSecurityExpressionHandler] is not eligible for getting processed by all BeanPostProcessors (for example: not eligible for auto-proxying)
2018-09-15 12:09:13.724  INFO 26986 --- [    Test worker] trationDelegate$BeanPostProcessorChecker : Bean 'org.springframework.security.config.annotation.method.configuration.GlobalMethodSecurityConfiguration' of type [org.springframework.security.config.annotation.method.configuration.GlobalMethodSecurityConfiguration$$EnhancerBySpringCGLIB$$7556c80a] is not eligible for getting processed by all BeanPostProcessors (for example: not eligible for auto-proxying)
2018-09-15 12:09:13.725  INFO 26986 --- [    Test worker] trationDelegate$BeanPostProcessorChecker : Bean 'methodSecurityMetadataSource' of type [org.springframework.security.access.method.DelegatingMethodSecurityMetadataSource] is not eligible for getting processed by all BeanPostProcessors (for example: not eligible for auto-proxying)
2018-09-15 12:09:13.729  INFO 26986 --- [    Test worker] trationDelegate$BeanPostProcessorChecker : Bean 'org.springframework.cloud.autoconfigure.ConfigurationPropertiesRebinderAutoConfiguration' of type [org.springframework.cloud.autoconfigure.ConfigurationPropertiesRebinderAutoConfiguration$$EnhancerBySpringCGLIB$$d3ee601b] is not eligible for getting processed by all BeanPostProcessors (for example: not eligible for auto-proxying)
2018-09-15 12:09:13.823  INFO 26986 --- [    Test worker] yConfig$$EnhancerBySpringCGLIB$$fef7cfdb : Configuring default elder global method security...
2018-09-15 12:09:13.851  WARN 26986 --- [    Test worker] c.e.security.spring.mock.MockJwtHolder   : SecurityContextHolder populated with mock authentication. For development purposes only!
2018-09-15 12:09:13.858  INFO 26986 --- [    Test worker] uration$$EnhancerBySpringCGLIB$$ef18d45b : Configuring Elder Web Security...
2018-09-15 12:09:13.896  INFO 26986 --- [    Test worker] o.s.s.web.DefaultSecurityFilterChain     : Creating filter chain: org.springframework.security.web.util.matcher.AnyRequestMatcher@1, [org.springframework.security.web.context.request.async.WebAsyncManagerIntegrationFilter@7622b06d, org.springframework.security.web.context.SecurityContextPersistenceFilter@7bae9e33, org.springframework.security.web.header.HeaderWriterFilter@6098a362, org.springframework.security.web.authentication.logout.LogoutFilter@79f2e666, org.springframework.security.web.savedrequest.RequestCacheAwareFilter@1ae07b56, org.springframework.security.web.servletapi.SecurityContextHolderAwareRequestFilter@3f4658db, org.springframework.security.web.authentication.AnonymousAuthenticationFilter@6f815f34, org.springframework.security.web.session.SessionManagementFilter@332eab8e, org.springframework.security.web.access.ExceptionTranslationFilter@6ec1fdc5]
2018-09-15 12:09:13.978  WARN 26986 --- [    Test worker] o.s.c.n.a.ArchaiusAutoConfiguration      : Netflix ConfigurationManager has already been installed, unable to re-install
2018-09-15 12:09:14.017  INFO 26986 --- [    Test worker] o.s.w.s.handler.SimpleUrlHandlerMapping  : Mapped URL path [/**/favicon.ico] onto handler of type [class org.springframework.web.servlet.resource.ResourceHttpRequestHandler]
2018-09-15 12:09:14.074  INFO 26986 --- [    Test worker] s.w.s.m.m.a.RequestMappingHandlerAdapter : Looking for @ControllerAdvice: org.springframework.web.context.support.GenericWebApplicationContext@55137d9c: startup date [Sat Sep 15 12:09:13 CEST 2018]; parent: org.springframework.context.annotation.AnnotationConfigApplicationContext@4e4d36b5
2018-09-15 12:09:14.087  INFO 26986 --- [    Test worker] s.w.s.m.m.a.RequestMappingHandlerMapping : Mapped "{[/api],methods=[GET]}" onto public java.lang.String com.elderbyte.security.spring.integrationtest.IntegrationTestApp.test()
2018-09-15 12:09:14.089  INFO 26986 --- [    Test worker] s.w.s.m.m.a.RequestMappingHandlerMapping : Mapped "{[/error]}" onto public org.springframework.http.ResponseEntity<java.util.Map<java.lang.String, java.lang.Object>> org.springframework.boot.autoconfigure.web.servlet.error.BasicErrorController.error(javax.servlet.http.HttpServletRequest)
2018-09-15 12:09:14.089  INFO 26986 --- [    Test worker] s.w.s.m.m.a.RequestMappingHandlerMapping : Mapped "{[/error],produces=[text/html]}" onto public org.springframework.web.servlet.ModelAndView org.springframework.boot.autoconfigure.web.servlet.error.BasicErrorController.errorHtml(javax.servlet.http.HttpServletRequest,javax.servlet.http.HttpServletResponse)
2018-09-15 12:09:14.115  INFO 26986 --- [    Test worker] o.s.w.s.handler.SimpleUrlHandlerMapping  : Mapped URL path [/webjars/**] onto handler of type [class org.springframework.web.servlet.resource.ResourceHttpRequestHandler]
2018-09-15 12:09:14.115  INFO 26986 --- [    Test worker] o.s.w.s.handler.SimpleUrlHandlerMapping  : Mapped URL path [/**] onto handler of type [class org.springframework.web.servlet.resource.ResourceHttpRequestHandler]
2018-09-15 12:09:14.124  INFO 26986 --- [    Test worker] .m.m.a.ExceptionHandlerExceptionResolver : Detected @ExceptionHandler methods in com.elderbyte.security.spring.local.config.AccessDeniedExceptionHandler
2018-09-15 12:09:14.315  INFO 26986 --- [    Test worker] MockSpringSecurityBeansLoadingTestLegacy : Started MockSpringSecurityBeansLoadingTestLegacy in 0.99 seconds (JVM running for 8.057)
]]></system-out>
  <system-err><![CDATA[]]></system-err>
</testsuite>
