<?xml version="1.0" encoding="UTF-8"?>
<testsuite name="com.elderbyte.security.spring.integrationtest.RealSpringSecurityBeansLoadingTestLegacy" tests="4" skipped="0" failures="0" errors="0" timestamp="2018-09-15T10:09:13" hostname="elderbook-pbu.lan" time="0.013">
  <properties/>
  <testcase name="ensureMockAuthenticationFilterIsNotPresent" classname="com.elderbyte.security.spring.integrationtest.RealSpringSecurityBeansLoadingTestLegacy" time="0.004"/>
  <testcase name="ensureStandardJwtFilterIsPresent" classname="com.elderbyte.security.spring.integrationtest.RealSpringSecurityBeansLoadingTestLegacy" time="0.003"/>
  <testcase name="ensureMockNotEnabled" classname="com.elderbyte.security.spring.integrationtest.RealSpringSecurityBeansLoadingTestLegacy" time="0.002"/>
  <testcase name="contextLoads" classname="com.elderbyte.security.spring.integrationtest.RealSpringSecurityBeansLoadingTestLegacy" time="0.001"/>
  <system-out><![CDATA[2018-09-15 12:09:12.405  INFO 26986 --- [    Test worker] .b.t.c.SpringBootTestContextBootstrapper : Neither @ContextConfiguration nor @ContextHierarchy found for test class [com.elderbyte.security.spring.integrationtest.RealSpringSecurityBeansLoadingTestLegacy], using SpringBootContextLoader
2018-09-15 12:09:12.405  INFO 26986 --- [    Test worker] o.s.t.c.support.AbstractContextLoader    : Could not detect default resource locations for test class [com.elderbyte.security.spring.integrationtest.RealSpringSecurityBeansLoadingTestLegacy]: no resource found for suffixes {-context.xml, Context.groovy}.
2018-09-15 12:09:12.408  INFO 26986 --- [    Test worker] .b.t.c.SpringBootTestContextBootstrapper : Loaded default TestExecutionListener class names from location [META-INF/spring.factories]: [org.springframework.boot.test.autoconfigure.restdocs.RestDocsTestExecutionListener, org.springframework.boot.test.autoconfigure.web.client.MockRestServiceServerResetTestExecutionListener, org.springframework.boot.test.autoconfigure.web.servlet.MockMvcPrintOnlyOnFailureTestExecutionListener, org.springframework.boot.test.autoconfigure.web.servlet.WebDriverTestExecutionListener, org.springframework.boot.test.mock.mockito.MockitoTestExecutionListener, org.springframework.boot.test.mock.mockito.ResetMocksTestExecutionListener, org.springframework.test.context.web.ServletTestExecutionListener, org.springframework.test.context.support.DirtiesContextBeforeModesTestExecutionListener, org.springframework.test.context.support.DependencyInjectionTestExecutionListener, org.springframework.test.context.support.DirtiesContextTestExecutionListener, org.springframework.test.context.transaction.TransactionalTestExecutionListener, org.springframework.test.context.jdbc.SqlScriptsTestExecutionListener]
2018-09-15 12:09:12.409  INFO 26986 --- [    Test worker] .b.t.c.SpringBootTestContextBootstrapper : Using TestExecutionListeners: [org.springframework.test.context.web.ServletTestExecutionListener@483cf1f9, org.springframework.test.context.support.DirtiesContextBeforeModesTestExecutionListener@1bc20c2, org.springframework.boot.test.mock.mockito.MockitoTestExecutionListener@47798be7, org.springframework.boot.test.autoconfigure.SpringBootDependencyInjectionTestExecutionListener@599c3bd1, org.springframework.test.context.support.DirtiesContextTestExecutionListener@7600ba22, org.springframework.boot.test.autoconfigure.restdocs.RestDocsTestExecutionListener@165a3e10, org.springframework.boot.test.autoconfigure.web.client.MockRestServiceServerResetTestExecutionListener@1df7b98f, org.springframework.boot.test.autoconfigure.web.servlet.MockMvcPrintOnlyOnFailureTestExecutionListener@250d4b53, org.springframework.boot.test.autoconfigure.web.servlet.WebDriverTestExecutionListener@56af247a, org.springframework.boot.test.mock.mockito.ResetMocksTestExecutionListener@11422a01]
2018-09-15 12:09:12.437  INFO 26986 --- [    Test worker] s.c.a.AnnotationConfigApplicationContext : Refreshing org.springframework.context.annotation.AnnotationConfigApplicationContext@1ca68e5c: startup date [Sat Sep 15 12:09:12 CEST 2018]; root of context hierarchy
2018-09-15 12:09:12.460  INFO 26986 --- [    Test worker] trationDelegate$BeanPostProcessorChecker : Bean 'configurationPropertiesRebinderAutoConfiguration' of type [org.springframework.cloud.autoconfigure.ConfigurationPropertiesRebinderAutoConfiguration$$EnhancerBySpringCGLIB$$d3ee601b] is not eligible for getting processed by all BeanPostProcessors (for example: not eligible for auto-proxying)

  .   ____          _            __ _ _
 /\\ / ___'_ __ _ _(_)_ __  __ _ \ \ \ \
( ( )\___ | '_ | '_| | '_ \/ _` | \ \ \ \
 \\/  ___)| |_)| | | | | || (_| |  ) ) ) )
  '  |____| .__|_| |_|_| |_\__, | / / / /
 =========|_|==============|___/=/_/_/_/
 :: Spring Boot ::        (v2.0.4.RELEASE)

2018-09-15 12:09:12.504  INFO 26986 --- [    Test worker] RealSpringSecurityBeansLoadingTestLegacy : No active profile set, falling back to default profiles: default
2018-09-15 12:09:12.506  INFO 26986 --- [    Test worker] o.s.w.c.s.GenericWebApplicationContext   : Refreshing org.springframework.web.context.support.GenericWebApplicationContext@79431e4: startup date [Sat Sep 15 12:09:12 CEST 2018]; parent: org.springframework.context.annotation.AnnotationConfigApplicationContext@1ca68e5c
2018-09-15 12:09:12.652  INFO 26986 --- [    Test worker] o.s.cloud.context.scope.GenericScope     : BeanFactory id=6cd7caa2-ff45-36f6-ae67-64b010d927fd
2018-09-15 12:09:12.690  INFO 26986 --- [    Test worker] trationDelegate$BeanPostProcessorChecker : Bean 'org.springframework.security.config.annotation.configuration.ObjectPostProcessorConfiguration' of type [org.springframework.security.config.annotation.configuration.ObjectPostProcessorConfiguration$$EnhancerBySpringCGLIB$$50822558] is not eligible for getting processed by all BeanPostProcessors (for example: not eligible for auto-proxying)
2018-09-15 12:09:12.692  INFO 26986 --- [    Test worker] trationDelegate$BeanPostProcessorChecker : Bean 'objectPostProcessor' of type [org.springframework.security.config.annotation.configuration.AutowireBeanFactoryObjectPostProcessor] is not eligible for getting processed by all BeanPostProcessors (for example: not eligible for auto-proxying)
2018-09-15 12:09:12.693  INFO 26986 --- [    Test worker] trationDelegate$BeanPostProcessorChecker : Bean 'org.springframework.security.access.expression.method.DefaultMethodSecurityExpressionHandler@7653039e' of type [org.springframework.security.access.expression.method.DefaultMethodSecurityExpressionHandler] is not eligible for getting processed by all BeanPostProcessors (for example: not eligible for auto-proxying)
2018-09-15 12:09:12.697  INFO 26986 --- [    Test worker] trationDelegate$BeanPostProcessorChecker : Bean 'org.springframework.security.config.annotation.method.configuration.GlobalMethodSecurityConfiguration' of type [org.springframework.security.config.annotation.method.configuration.GlobalMethodSecurityConfiguration$$EnhancerBySpringCGLIB$$7556c80a] is not eligible for getting processed by all BeanPostProcessors (for example: not eligible for auto-proxying)
2018-09-15 12:09:12.699  INFO 26986 --- [    Test worker] trationDelegate$BeanPostProcessorChecker : Bean 'methodSecurityMetadataSource' of type [org.springframework.security.access.method.DelegatingMethodSecurityMetadataSource] is not eligible for getting processed by all BeanPostProcessors (for example: not eligible for auto-proxying)
2018-09-15 12:09:12.703  INFO 26986 --- [    Test worker] trationDelegate$BeanPostProcessorChecker : Bean 'org.springframework.cloud.autoconfigure.ConfigurationPropertiesRebinderAutoConfiguration' of type [org.springframework.cloud.autoconfigure.ConfigurationPropertiesRebinderAutoConfiguration$$EnhancerBySpringCGLIB$$d3ee601b] is not eligible for getting processed by all BeanPostProcessors (for example: not eligible for auto-proxying)
2018-09-15 12:09:12.789  INFO 26986 --- [    Test worker] yConfig$$EnhancerBySpringCGLIB$$fef7cfdb : Configuring default elder global method security...
2018-09-15 12:09:12.811  INFO 26986 --- [    Test worker] uration$$EnhancerBySpringCGLIB$$ef18d45b : Configuring Elder Web Security...
2018-09-15 12:09:12.838  INFO 26986 --- [    Test worker] o.s.s.web.DefaultSecurityFilterChain     : Creating filter chain: org.springframework.security.web.util.matcher.AnyRequestMatcher@1, [org.springframework.security.web.context.request.async.WebAsyncManagerIntegrationFilter@3af96ecc, org.springframework.security.web.context.SecurityContextPersistenceFilter@5cf561e, org.springframework.security.web.header.HeaderWriterFilter@596c2fe, org.springframework.security.web.authentication.logout.LogoutFilter@45f9afcb, org.springframework.security.web.savedrequest.RequestCacheAwareFilter@289d0212, org.springframework.security.web.servletapi.SecurityContextHolderAwareRequestFilter@1bafb4cd, org.springframework.security.web.authentication.AnonymousAuthenticationFilter@7ab46613, org.springframework.security.web.session.SessionManagementFilter@2cb9873, org.springframework.security.web.access.ExceptionTranslationFilter@33a3db9e]
2018-09-15 12:09:12.920  WARN 26986 --- [    Test worker] o.s.c.n.a.ArchaiusAutoConfiguration      : Netflix ConfigurationManager has already been installed, unable to re-install
2018-09-15 12:09:12.959  INFO 26986 --- [    Test worker] o.s.w.s.handler.SimpleUrlHandlerMapping  : Mapped URL path [/**/favicon.ico] onto handler of type [class org.springframework.web.servlet.resource.ResourceHttpRequestHandler]
2018-09-15 12:09:13.050  INFO 26986 --- [    Test worker] s.w.s.m.m.a.RequestMappingHandlerAdapter : Looking for @ControllerAdvice: org.springframework.web.context.support.GenericWebApplicationContext@79431e4: startup date [Sat Sep 15 12:09:12 CEST 2018]; parent: org.springframework.context.annotation.AnnotationConfigApplicationContext@1ca68e5c
2018-09-15 12:09:13.067  INFO 26986 --- [    Test worker] s.w.s.m.m.a.RequestMappingHandlerMapping : Mapped "{[/api],methods=[GET]}" onto public java.lang.String com.elderbyte.security.spring.integrationtest.IntegrationTestApp.test()
2018-09-15 12:09:13.068  INFO 26986 --- [    Test worker] s.w.s.m.m.a.RequestMappingHandlerMapping : Mapped "{[/error]}" onto public org.springframework.http.ResponseEntity<java.util.Map<java.lang.String, java.lang.Object>> org.springframework.boot.autoconfigure.web.servlet.error.BasicErrorController.error(javax.servlet.http.HttpServletRequest)
2018-09-15 12:09:13.069  INFO 26986 --- [    Test worker] s.w.s.m.m.a.RequestMappingHandlerMapping : Mapped "{[/error],produces=[text/html]}" onto public org.springframework.web.servlet.ModelAndView org.springframework.boot.autoconfigure.web.servlet.error.BasicErrorController.errorHtml(javax.servlet.http.HttpServletRequest,javax.servlet.http.HttpServletResponse)
2018-09-15 12:09:13.095  INFO 26986 --- [    Test worker] o.s.w.s.handler.SimpleUrlHandlerMapping  : Mapped URL path [/webjars/**] onto handler of type [class org.springframework.web.servlet.resource.ResourceHttpRequestHandler]
2018-09-15 12:09:13.095  INFO 26986 --- [    Test worker] o.s.w.s.handler.SimpleUrlHandlerMapping  : Mapped URL path [/**] onto handler of type [class org.springframework.web.servlet.resource.ResourceHttpRequestHandler]
2018-09-15 12:09:13.105  INFO 26986 --- [    Test worker] .m.m.a.ExceptionHandlerExceptionResolver : Detected @ExceptionHandler methods in com.elderbyte.security.spring.local.config.AccessDeniedExceptionHandler
2018-09-15 12:09:13.293  INFO 26986 --- [    Test worker] RealSpringSecurityBeansLoadingTestLegacy : Started RealSpringSecurityBeansLoadingTestLegacy in 0.882 seconds (JVM running for 7.034)
]]></system-out>
  <system-err><![CDATA[]]></system-err>
</testsuite>
