<?xml version="1.0" encoding="UTF-8"?>
<testsuite name="com.elderbyte.security.spring.integrationtest.RealSpringSecurityBeansLoadingTest" tests="4" skipped="0" failures="0" errors="0" timestamp="2018-09-15T10:09:12" hostname="elderbook-pbu.lan" time="0.009">
  <properties/>
  <testcase name="ensureMockAuthenticationFilterIsNotPresent" classname="com.elderbyte.security.spring.integrationtest.RealSpringSecurityBeansLoadingTest" time="0.003"/>
  <testcase name="ensureStandardJwtFilterIsPresent" classname="com.elderbyte.security.spring.integrationtest.RealSpringSecurityBeansLoadingTest" time="0.002"/>
  <testcase name="ensureMockNotEnabled" classname="com.elderbyte.security.spring.integrationtest.RealSpringSecurityBeansLoadingTest" time="0.001"/>
  <testcase name="contextLoads" classname="com.elderbyte.security.spring.integrationtest.RealSpringSecurityBeansLoadingTest" time="0.001"/>
  <system-out><![CDATA[2018-09-15 12:09:11.506  INFO 26986 --- [    Test worker] .b.t.c.SpringBootTestContextBootstrapper : Neither @ContextConfiguration nor @ContextHierarchy found for test class [com.elderbyte.security.spring.integrationtest.RealSpringSecurityBeansLoadingTest], using SpringBootContextLoader
2018-09-15 12:09:11.507  INFO 26986 --- [    Test worker] o.s.t.c.support.AbstractContextLoader    : Could not detect default resource locations for test class [com.elderbyte.security.spring.integrationtest.RealSpringSecurityBeansLoadingTest]: no resource found for suffixes {-context.xml, Context.groovy}.
2018-09-15 12:09:11.509  INFO 26986 --- [    Test worker] .b.t.c.SpringBootTestContextBootstrapper : Loaded default TestExecutionListener class names from location [META-INF/spring.factories]: [org.springframework.boot.test.autoconfigure.restdocs.RestDocsTestExecutionListener, org.springframework.boot.test.autoconfigure.web.client.MockRestServiceServerResetTestExecutionListener, org.springframework.boot.test.autoconfigure.web.servlet.MockMvcPrintOnlyOnFailureTestExecutionListener, org.springframework.boot.test.autoconfigure.web.servlet.WebDriverTestExecutionListener, org.springframework.boot.test.mock.mockito.MockitoTestExecutionListener, org.springframework.boot.test.mock.mockito.ResetMocksTestExecutionListener, org.springframework.test.context.web.ServletTestExecutionListener, org.springframework.test.context.support.DirtiesContextBeforeModesTestExecutionListener, org.springframework.test.context.support.DependencyInjectionTestExecutionListener, org.springframework.test.context.support.DirtiesContextTestExecutionListener, org.springframework.test.context.transaction.TransactionalTestExecutionListener, org.springframework.test.context.jdbc.SqlScriptsTestExecutionListener]
2018-09-15 12:09:11.510  INFO 26986 --- [    Test worker] .b.t.c.SpringBootTestContextBootstrapper : Using TestExecutionListeners: [org.springframework.test.context.web.ServletTestExecutionListener@45fd75e0, org.springframework.test.context.support.DirtiesContextBeforeModesTestExecutionListener@6c1e1ec7, org.springframework.boot.test.mock.mockito.MockitoTestExecutionListener@5b7162c, org.springframework.boot.test.autoconfigure.SpringBootDependencyInjectionTestExecutionListener@2e69c790, org.springframework.test.context.support.DirtiesContextTestExecutionListener@15e5c8, org.springframework.boot.test.autoconfigure.restdocs.RestDocsTestExecutionListener@1ce12b2b, org.springframework.boot.test.autoconfigure.web.client.MockRestServiceServerResetTestExecutionListener@215a58ed, org.springframework.boot.test.autoconfigure.web.servlet.MockMvcPrintOnlyOnFailureTestExecutionListener@416f5e11, org.springframework.boot.test.autoconfigure.web.servlet.WebDriverTestExecutionListener@6efbd851, org.springframework.boot.test.mock.mockito.ResetMocksTestExecutionListener@7b561ed6]
2018-09-15 12:09:11.536  INFO 26986 --- [    Test worker] s.c.a.AnnotationConfigApplicationContext : Refreshing org.springframework.context.annotation.AnnotationConfigApplicationContext@269d954a: startup date [Sat Sep 15 12:09:11 CEST 2018]; root of context hierarchy
2018-09-15 12:09:11.562  INFO 26986 --- [    Test worker] trationDelegate$BeanPostProcessorChecker : Bean 'configurationPropertiesRebinderAutoConfiguration' of type [org.springframework.cloud.autoconfigure.ConfigurationPropertiesRebinderAutoConfiguration$$EnhancerBySpringCGLIB$$d3ee601b] is not eligible for getting processed by all BeanPostProcessors (for example: not eligible for auto-proxying)

  .   ____          _            __ _ _
 /\\ / ___'_ __ _ _(_)_ __  __ _ \ \ \ \
( ( )\___ | '_ | '_| | '_ \/ _` | \ \ \ \
 \\/  ___)| |_)| | | | | || (_| |  ) ) ) )
  '  |____| .__|_| |_|_| |_\__, | / / / /
 =========|_|==============|___/=/_/_/_/
 :: Spring Boot ::        (v2.0.4.RELEASE)

2018-09-15 12:09:11.610  INFO 26986 --- [    Test worker] s.s.i.RealSpringSecurityBeansLoadingTest : No active profile set, falling back to default profiles: default
2018-09-15 12:09:11.612  INFO 26986 --- [    Test worker] o.s.w.c.s.GenericWebApplicationContext   : Refreshing org.springframework.web.context.support.GenericWebApplicationContext@186d21a: startup date [Sat Sep 15 12:09:11 CEST 2018]; parent: org.springframework.context.annotation.AnnotationConfigApplicationContext@269d954a
2018-09-15 12:09:11.768  INFO 26986 --- [    Test worker] o.s.cloud.context.scope.GenericScope     : BeanFactory id=6cd7caa2-ff45-36f6-ae67-64b010d927fd
2018-09-15 12:09:11.809  INFO 26986 --- [    Test worker] trationDelegate$BeanPostProcessorChecker : Bean 'org.springframework.security.config.annotation.configuration.ObjectPostProcessorConfiguration' of type [org.springframework.security.config.annotation.configuration.ObjectPostProcessorConfiguration$$EnhancerBySpringCGLIB$$50822558] is not eligible for getting processed by all BeanPostProcessors (for example: not eligible for auto-proxying)
2018-09-15 12:09:11.812  INFO 26986 --- [    Test worker] trationDelegate$BeanPostProcessorChecker : Bean 'objectPostProcessor' of type [org.springframework.security.config.annotation.configuration.AutowireBeanFactoryObjectPostProcessor] is not eligible for getting processed by all BeanPostProcessors (for example: not eligible for auto-proxying)
2018-09-15 12:09:11.812  INFO 26986 --- [    Test worker] trationDelegate$BeanPostProcessorChecker : Bean 'org.springframework.security.access.expression.method.DefaultMethodSecurityExpressionHandler@1b256cb2' of type [org.springframework.security.access.expression.method.DefaultMethodSecurityExpressionHandler] is not eligible for getting processed by all BeanPostProcessors (for example: not eligible for auto-proxying)
2018-09-15 12:09:11.816  INFO 26986 --- [    Test worker] trationDelegate$BeanPostProcessorChecker : Bean 'org.springframework.security.config.annotation.method.configuration.GlobalMethodSecurityConfiguration' of type [org.springframework.security.config.annotation.method.configuration.GlobalMethodSecurityConfiguration$$EnhancerBySpringCGLIB$$7556c80a] is not eligible for getting processed by all BeanPostProcessors (for example: not eligible for auto-proxying)
2018-09-15 12:09:11.818  INFO 26986 --- [    Test worker] trationDelegate$BeanPostProcessorChecker : Bean 'methodSecurityMetadataSource' of type [org.springframework.security.access.method.DelegatingMethodSecurityMetadataSource] is not eligible for getting processed by all BeanPostProcessors (for example: not eligible for auto-proxying)
2018-09-15 12:09:11.823  INFO 26986 --- [    Test worker] trationDelegate$BeanPostProcessorChecker : Bean 'org.springframework.cloud.autoconfigure.ConfigurationPropertiesRebinderAutoConfiguration' of type [org.springframework.cloud.autoconfigure.ConfigurationPropertiesRebinderAutoConfiguration$$EnhancerBySpringCGLIB$$d3ee601b] is not eligible for getting processed by all BeanPostProcessors (for example: not eligible for auto-proxying)
2018-09-15 12:09:11.917  INFO 26986 --- [    Test worker] yConfig$$EnhancerBySpringCGLIB$$fef7cfdb : Configuring default elder global method security...
2018-09-15 12:09:11.941  INFO 26986 --- [    Test worker] uration$$EnhancerBySpringCGLIB$$ef18d45b : Configuring Elder Web Security...
2018-09-15 12:09:11.976  INFO 26986 --- [    Test worker] o.s.s.web.DefaultSecurityFilterChain     : Creating filter chain: org.springframework.security.web.util.matcher.AnyRequestMatcher@1, [org.springframework.security.web.context.request.async.WebAsyncManagerIntegrationFilter@66998ded, org.springframework.security.web.context.SecurityContextPersistenceFilter@79552dbd, org.springframework.security.web.header.HeaderWriterFilter@3505f3ce, org.springframework.security.web.authentication.logout.LogoutFilter@36f1764b, org.springframework.security.web.savedrequest.RequestCacheAwareFilter@2309fad5, org.springframework.security.web.servletapi.SecurityContextHolderAwareRequestFilter@3908f6f9, org.springframework.security.web.authentication.AnonymousAuthenticationFilter@aaa0cb9, org.springframework.security.web.session.SessionManagementFilter@44f961e2, org.springframework.security.web.access.ExceptionTranslationFilter@4f72ae8c]
2018-09-15 12:09:12.059  WARN 26986 --- [    Test worker] o.s.c.n.a.ArchaiusAutoConfiguration      : Netflix ConfigurationManager has already been installed, unable to re-install
2018-09-15 12:09:12.121  INFO 26986 --- [    Test worker] o.s.w.s.handler.SimpleUrlHandlerMapping  : Mapped URL path [/**/favicon.ico] onto handler of type [class org.springframework.web.servlet.resource.ResourceHttpRequestHandler]
2018-09-15 12:09:12.186  INFO 26986 --- [    Test worker] s.w.s.m.m.a.RequestMappingHandlerAdapter : Looking for @ControllerAdvice: org.springframework.web.context.support.GenericWebApplicationContext@186d21a: startup date [Sat Sep 15 12:09:11 CEST 2018]; parent: org.springframework.context.annotation.AnnotationConfigApplicationContext@269d954a
2018-09-15 12:09:12.199  INFO 26986 --- [    Test worker] s.w.s.m.m.a.RequestMappingHandlerMapping : Mapped "{[/api],methods=[GET]}" onto public java.lang.String com.elderbyte.security.spring.integrationtest.IntegrationTestApp.test()
2018-09-15 12:09:12.200  INFO 26986 --- [    Test worker] s.w.s.m.m.a.RequestMappingHandlerMapping : Mapped "{[/error]}" onto public org.springframework.http.ResponseEntity<java.util.Map<java.lang.String, java.lang.Object>> org.springframework.boot.autoconfigure.web.servlet.error.BasicErrorController.error(javax.servlet.http.HttpServletRequest)
2018-09-15 12:09:12.200  INFO 26986 --- [    Test worker] s.w.s.m.m.a.RequestMappingHandlerMapping : Mapped "{[/error],produces=[text/html]}" onto public org.springframework.web.servlet.ModelAndView org.springframework.boot.autoconfigure.web.servlet.error.BasicErrorController.errorHtml(javax.servlet.http.HttpServletRequest,javax.servlet.http.HttpServletResponse)
2018-09-15 12:09:12.220  INFO 26986 --- [    Test worker] o.s.w.s.handler.SimpleUrlHandlerMapping  : Mapped URL path [/webjars/**] onto handler of type [class org.springframework.web.servlet.resource.ResourceHttpRequestHandler]
2018-09-15 12:09:12.220  INFO 26986 --- [    Test worker] o.s.w.s.handler.SimpleUrlHandlerMapping  : Mapped URL path [/**] onto handler of type [class org.springframework.web.servlet.resource.ResourceHttpRequestHandler]
2018-09-15 12:09:12.229  INFO 26986 --- [    Test worker] .m.m.a.ExceptionHandlerExceptionResolver : Detected @ExceptionHandler methods in com.elderbyte.security.spring.local.config.AccessDeniedExceptionHandler
2018-09-15 12:09:12.387  INFO 26986 --- [    Test worker] s.s.i.RealSpringSecurityBeansLoadingTest : Started RealSpringSecurityBeansLoadingTest in 0.875 seconds (JVM running for 6.128)
]]></system-out>
  <system-err><![CDATA[]]></system-err>
</testsuite>
