<?xml version="1.0" encoding="UTF-8"?>
<testsuite name="com.elderbyte.security.spring.SpringApplicationContextTest" tests="1" skipped="0" failures="0" errors="0" timestamp="2018-09-15T10:09:15" hostname="elderbook-pbu.lan" time="0.001">
  <properties/>
  <testcase name="ensureContextLoads" classname="com.elderbyte.security.spring.SpringApplicationContextTest" time="0.001"/>
  <system-out><![CDATA[2018-09-15 12:09:15.175  INFO 26986 --- [    Test worker] .b.t.c.SpringBootTestContextBootstrapper : Neither @ContextConfiguration nor @ContextHierarchy found for test class [com.elderbyte.security.spring.SpringApplicationContextTest], using SpringBootContextLoader
2018-09-15 12:09:15.176  INFO 26986 --- [    Test worker] o.s.t.c.support.AbstractContextLoader    : Could not detect default resource locations for test class [com.elderbyte.security.spring.SpringApplicationContextTest]: no resource found for suffixes {-context.xml, Context.groovy}.
2018-09-15 12:09:15.178  INFO 26986 --- [    Test worker] .b.t.c.SpringBootTestContextBootstrapper : Loaded default TestExecutionListener class names from location [META-INF/spring.factories]: [org.springframework.boot.test.autoconfigure.restdocs.RestDocsTestExecutionListener, org.springframework.boot.test.autoconfigure.web.client.MockRestServiceServerResetTestExecutionListener, org.springframework.boot.test.autoconfigure.web.servlet.MockMvcPrintOnlyOnFailureTestExecutionListener, org.springframework.boot.test.autoconfigure.web.servlet.WebDriverTestExecutionListener, org.springframework.boot.test.mock.mockito.MockitoTestExecutionListener, org.springframework.boot.test.mock.mockito.ResetMocksTestExecutionListener, org.springframework.test.context.web.ServletTestExecutionListener, org.springframework.test.context.support.DirtiesContextBeforeModesTestExecutionListener, org.springframework.test.context.support.DependencyInjectionTestExecutionListener, org.springframework.test.context.support.DirtiesContextTestExecutionListener, org.springframework.test.context.transaction.TransactionalTestExecutionListener, org.springframework.test.context.jdbc.SqlScriptsTestExecutionListener]
2018-09-15 12:09:15.179  INFO 26986 --- [    Test worker] .b.t.c.SpringBootTestContextBootstrapper : Using TestExecutionListeners: [org.springframework.test.context.web.ServletTestExecutionListener@5f3e1ae6, org.springframework.test.context.support.DirtiesContextBeforeModesTestExecutionListener@76b6eeeb, org.springframework.boot.test.mock.mockito.MockitoTestExecutionListener@6f962ed0, org.springframework.boot.test.autoconfigure.SpringBootDependencyInjectionTestExecutionListener@219f48d4, org.springframework.test.context.support.DirtiesContextTestExecutionListener@ed98f2b, org.springframework.boot.test.autoconfigure.restdocs.RestDocsTestExecutionListener@4f59e9ad, org.springframework.boot.test.autoconfigure.web.client.MockRestServiceServerResetTestExecutionListener@1167be38, org.springframework.boot.test.autoconfigure.web.servlet.MockMvcPrintOnlyOnFailureTestExecutionListener@4a658d28, org.springframework.boot.test.autoconfigure.web.servlet.WebDriverTestExecutionListener@887e398, org.springframework.boot.test.mock.mockito.ResetMocksTestExecutionListener@89367a4]
]]></system-out>
  <system-err><![CDATA[]]></system-err>
</testsuite>
