<?xml version="1.0" encoding="UTF-8"?>
<testsuite name="com.elderbyte.security.spring.integrationtest.MockSpringSecurityBeansLoadingTest" tests="5" skipped="0" failures="0" errors="0" timestamp="2018-09-15T10:09:11" hostname="elderbook-pbu.lan" time="0.014">
  <properties/>
  <testcase name="ensureConfiguredMockUser" classname="com.elderbyte.security.spring.integrationtest.MockSpringSecurityBeansLoadingTest" time="0.004"/>
  <testcase name="ensureStandardJwtFilterIsNotPresent" classname="com.elderbyte.security.spring.integrationtest.MockSpringSecurityBeansLoadingTest" time="0.003"/>
  <testcase name="ensureMockLoaded" classname="com.elderbyte.security.spring.integrationtest.MockSpringSecurityBeansLoadingTest" time="0.002"/>
  <testcase name="ensureMockEnabled" classname="com.elderbyte.security.spring.integrationtest.MockSpringSecurityBeansLoadingTest" time="0.001"/>
  <testcase name="ensureMockAuthenticationFilterIsPresent" classname="com.elderbyte.security.spring.integrationtest.MockSpringSecurityBeansLoadingTest" time="0.002"/>
  <system-out><![CDATA[2018-09-15 12:09:10.423  INFO 26986 --- [    Test worker] .b.t.c.SpringBootTestContextBootstrapper : Neither @ContextConfiguration nor @ContextHierarchy found for test class [com.elderbyte.security.spring.integrationtest.MockSpringSecurityBeansLoadingTest], using SpringBootContextLoader
2018-09-15 12:09:10.424  INFO 26986 --- [    Test worker] o.s.t.c.support.AbstractContextLoader    : Could not detect default resource locations for test class [com.elderbyte.security.spring.integrationtest.MockSpringSecurityBeansLoadingTest]: no resource found for suffixes {-context.xml, Context.groovy}.
2018-09-15 12:09:10.430  INFO 26986 --- [    Test worker] .b.t.c.SpringBootTestContextBootstrapper : Loaded default TestExecutionListener class names from location [META-INF/spring.factories]: [org.springframework.boot.test.autoconfigure.restdocs.RestDocsTestExecutionListener, org.springframework.boot.test.autoconfigure.web.client.MockRestServiceServerResetTestExecutionListener, org.springframework.boot.test.autoconfigure.web.servlet.MockMvcPrintOnlyOnFailureTestExecutionListener, org.springframework.boot.test.autoconfigure.web.servlet.WebDriverTestExecutionListener, org.springframework.boot.test.mock.mockito.MockitoTestExecutionListener, org.springframework.boot.test.mock.mockito.ResetMocksTestExecutionListener, org.springframework.test.context.web.ServletTestExecutionListener, org.springframework.test.context.support.DirtiesContextBeforeModesTestExecutionListener, org.springframework.test.context.support.DependencyInjectionTestExecutionListener, org.springframework.test.context.support.DirtiesContextTestExecutionListener, org.springframework.test.context.transaction.TransactionalTestExecutionListener, org.springframework.test.context.jdbc.SqlScriptsTestExecutionListener]
2018-09-15 12:09:10.431  INFO 26986 --- [    Test worker] .b.t.c.SpringBootTestContextBootstrapper : Using TestExecutionListeners: [org.springframework.test.context.web.ServletTestExecutionListener@2f0440da, org.springframework.test.context.support.DirtiesContextBeforeModesTestExecutionListener@4b78749b, org.springframework.boot.test.mock.mockito.MockitoTestExecutionListener@3b600ab6, org.springframework.boot.test.autoconfigure.SpringBootDependencyInjectionTestExecutionListener@2ce89558, org.springframework.test.context.support.DirtiesContextTestExecutionListener@2167028f, org.springframework.boot.test.autoconfigure.restdocs.RestDocsTestExecutionListener@29336694, org.springframework.boot.test.autoconfigure.web.client.MockRestServiceServerResetTestExecutionListener@123decbe, org.springframework.boot.test.autoconfigure.web.servlet.MockMvcPrintOnlyOnFailureTestExecutionListener@7a17f9f4, org.springframework.boot.test.autoconfigure.web.servlet.WebDriverTestExecutionListener@63fdff43, org.springframework.boot.test.mock.mockito.ResetMocksTestExecutionListener@5148226e]
2018-09-15 12:09:10.458  INFO 26986 --- [    Test worker] s.c.a.AnnotationConfigApplicationContext : Refreshing org.springframework.context.annotation.AnnotationConfigApplicationContext@758be8d0: startup date [Sat Sep 15 12:09:10 CEST 2018]; root of context hierarchy
2018-09-15 12:09:10.486  INFO 26986 --- [    Test worker] trationDelegate$BeanPostProcessorChecker : Bean 'configurationPropertiesRebinderAutoConfiguration' of type [org.springframework.cloud.autoconfigure.ConfigurationPropertiesRebinderAutoConfiguration$$EnhancerBySpringCGLIB$$d3ee601b] is not eligible for getting processed by all BeanPostProcessors (for example: not eligible for auto-proxying)

  .   ____          _            __ _ _
 /\\ / ___'_ __ _ _(_)_ __  __ _ \ \ \ \
( ( )\___ | '_ | '_| | '_ \/ _` | \ \ \ \
 \\/  ___)| |_)| | | | | || (_| |  ) ) ) )
  '  |____| .__|_| |_|_| |_\__, | / / / /
 =========|_|==============|___/=/_/_/_/
 :: Spring Boot ::        (v2.0.4.RELEASE)

2018-09-15 12:09:10.539  INFO 26986 --- [    Test worker] s.s.i.MockSpringSecurityBeansLoadingTest : No active profile set, falling back to default profiles: default
2018-09-15 12:09:10.543  INFO 26986 --- [    Test worker] o.s.w.c.s.GenericWebApplicationContext   : Refreshing org.springframework.web.context.support.GenericWebApplicationContext@3ca03708: startup date [Sat Sep 15 12:09:10 CEST 2018]; parent: org.springframework.context.annotation.AnnotationConfigApplicationContext@758be8d0
2018-09-15 12:09:10.729  INFO 26986 --- [    Test worker] o.s.cloud.context.scope.GenericScope     : BeanFactory id=d5167632-8e89-334a-bcd4-10e75d5815d6
2018-09-15 12:09:10.779  INFO 26986 --- [    Test worker] trationDelegate$BeanPostProcessorChecker : Bean 'org.springframework.security.config.annotation.configuration.ObjectPostProcessorConfiguration' of type [org.springframework.security.config.annotation.configuration.ObjectPostProcessorConfiguration$$EnhancerBySpringCGLIB$$50822558] is not eligible for getting processed by all BeanPostProcessors (for example: not eligible for auto-proxying)
2018-09-15 12:09:10.782  INFO 26986 --- [    Test worker] trationDelegate$BeanPostProcessorChecker : Bean 'objectPostProcessor' of type [org.springframework.security.config.annotation.configuration.AutowireBeanFactoryObjectPostProcessor] is not eligible for getting processed by all BeanPostProcessors (for example: not eligible for auto-proxying)
2018-09-15 12:09:10.783  INFO 26986 --- [    Test worker] trationDelegate$BeanPostProcessorChecker : Bean 'org.springframework.security.access.expression.method.DefaultMethodSecurityExpressionHandler@657fcd0f' of type [org.springframework.security.access.expression.method.DefaultMethodSecurityExpressionHandler] is not eligible for getting processed by all BeanPostProcessors (for example: not eligible for auto-proxying)
2018-09-15 12:09:10.788  INFO 26986 --- [    Test worker] trationDelegate$BeanPostProcessorChecker : Bean 'org.springframework.security.config.annotation.method.configuration.GlobalMethodSecurityConfiguration' of type [org.springframework.security.config.annotation.method.configuration.GlobalMethodSecurityConfiguration$$EnhancerBySpringCGLIB$$7556c80a] is not eligible for getting processed by all BeanPostProcessors (for example: not eligible for auto-proxying)
2018-09-15 12:09:10.790  INFO 26986 --- [    Test worker] trationDelegate$BeanPostProcessorChecker : Bean 'methodSecurityMetadataSource' of type [org.springframework.security.access.method.DelegatingMethodSecurityMetadataSource] is not eligible for getting processed by all BeanPostProcessors (for example: not eligible for auto-proxying)
2018-09-15 12:09:10.795  INFO 26986 --- [    Test worker] trationDelegate$BeanPostProcessorChecker : Bean 'org.springframework.cloud.autoconfigure.ConfigurationPropertiesRebinderAutoConfiguration' of type [org.springframework.cloud.autoconfigure.ConfigurationPropertiesRebinderAutoConfiguration$$EnhancerBySpringCGLIB$$d3ee601b] is not eligible for getting processed by all BeanPostProcessors (for example: not eligible for auto-proxying)
2018-09-15 12:09:10.914  INFO 26986 --- [    Test worker] yConfig$$EnhancerBySpringCGLIB$$fef7cfdb : Configuring default elder global method security...
2018-09-15 12:09:10.998  WARN 26986 --- [    Test worker] c.e.security.spring.mock.MockJwtHolder   : SecurityContextHolder populated with mock authentication. For development purposes only!
2018-09-15 12:09:11.008  INFO 26986 --- [    Test worker] uration$$EnhancerBySpringCGLIB$$ef18d45b : Configuring Elder Web Security...
2018-09-15 12:09:11.044  INFO 26986 --- [    Test worker] o.s.s.web.DefaultSecurityFilterChain     : Creating filter chain: org.springframework.security.web.util.matcher.AnyRequestMatcher@1, [org.springframework.security.web.context.request.async.WebAsyncManagerIntegrationFilter@7c702bf8, org.springframework.security.web.context.SecurityContextPersistenceFilter@7190f3f4, org.springframework.security.web.header.HeaderWriterFilter@d2df569, org.springframework.security.web.authentication.logout.LogoutFilter@a89660e, org.springframework.security.web.savedrequest.RequestCacheAwareFilter@72a0b635, org.springframework.security.web.servletapi.SecurityContextHolderAwareRequestFilter@104493b5, org.springframework.security.web.authentication.AnonymousAuthenticationFilter@b962b5d, org.springframework.security.web.session.SessionManagementFilter@3932883, org.springframework.security.web.access.ExceptionTranslationFilter@1eb3a00b]
2018-09-15 12:09:11.153  WARN 26986 --- [    Test worker] o.s.c.n.a.ArchaiusAutoConfiguration      : Netflix ConfigurationManager has already been installed, unable to re-install
2018-09-15 12:09:11.197  INFO 26986 --- [    Test worker] o.s.w.s.handler.SimpleUrlHandlerMapping  : Mapped URL path [/**/favicon.ico] onto handler of type [class org.springframework.web.servlet.resource.ResourceHttpRequestHandler]
2018-09-15 12:09:11.262  INFO 26986 --- [    Test worker] s.w.s.m.m.a.RequestMappingHandlerAdapter : Looking for @ControllerAdvice: org.springframework.web.context.support.GenericWebApplicationContext@3ca03708: startup date [Sat Sep 15 12:09:10 CEST 2018]; parent: org.springframework.context.annotation.AnnotationConfigApplicationContext@758be8d0
2018-09-15 12:09:11.277  INFO 26986 --- [    Test worker] s.w.s.m.m.a.RequestMappingHandlerMapping : Mapped "{[/api],methods=[GET]}" onto public java.lang.String com.elderbyte.security.spring.integrationtest.IntegrationTestApp.test()
2018-09-15 12:09:11.279  INFO 26986 --- [    Test worker] s.w.s.m.m.a.RequestMappingHandlerMapping : Mapped "{[/error]}" onto public org.springframework.http.ResponseEntity<java.util.Map<java.lang.String, java.lang.Object>> org.springframework.boot.autoconfigure.web.servlet.error.BasicErrorController.error(javax.servlet.http.HttpServletRequest)
2018-09-15 12:09:11.280  INFO 26986 --- [    Test worker] s.w.s.m.m.a.RequestMappingHandlerMapping : Mapped "{[/error],produces=[text/html]}" onto public org.springframework.web.servlet.ModelAndView org.springframework.boot.autoconfigure.web.servlet.error.BasicErrorController.errorHtml(javax.servlet.http.HttpServletRequest,javax.servlet.http.HttpServletResponse)
2018-09-15 12:09:11.301  INFO 26986 --- [    Test worker] o.s.w.s.handler.SimpleUrlHandlerMapping  : Mapped URL path [/webjars/**] onto handler of type [class org.springframework.web.servlet.resource.ResourceHttpRequestHandler]
2018-09-15 12:09:11.301  INFO 26986 --- [    Test worker] o.s.w.s.handler.SimpleUrlHandlerMapping  : Mapped URL path [/**] onto handler of type [class org.springframework.web.servlet.resource.ResourceHttpRequestHandler]
2018-09-15 12:09:11.309  INFO 26986 --- [    Test worker] .m.m.a.ExceptionHandlerExceptionResolver : Detected @ExceptionHandler methods in com.elderbyte.security.spring.local.config.AccessDeniedExceptionHandler
2018-09-15 12:09:11.484  INFO 26986 --- [    Test worker] s.s.i.MockSpringSecurityBeansLoadingTest : Started MockSpringSecurityBeansLoadingTest in 1.051 seconds (JVM running for 5.225)
]]></system-out>
  <system-err><![CDATA[]]></system-err>
</testsuite>
